{
 "cells": [
  {
   "cell_type": "markdown",
   "id": "2966d98b",
   "metadata": {},
   "source": [
    "# Lecture 3: Disk Management and Indexes\n",
    "Gittu George, January 14 2025"
   ]
  },
  {
   "cell_type": "markdown",
   "id": "c894801c",
   "metadata": {},
   "source": [
    "## Todays Agenda\n",
    "\n",
    "- HOW do humans store and search data?\n",
    "- HOW does Postgres store data? \n",
    "- HOW does Postgres search data?\n",
    "- WHY indexes?\n",
    "- WHAT are indexes?\n",
    "- Different kinds of indexes\n",
    "- Do I need an index?\n",
    "\n",
    "## Learning objectives\n",
    "- You will apply knowledge of disk management and query structure to optimize complex queries.\n",
    "- You will understand the different types of INDEXes available in Postgres and the best-suited applications\n",
    "- You will be able to profile and optimize various queries to provide the fastest response.\n",
    "\n",
    "You already have the data we will use in this lecture from worksheet 2, but if not, please load it so that you can follow with me in lecture (You can load this data to your database using this [dump](https://canvas.ubc.ca/files/24584464/download?download_frd=1). It's a zip file; do make sure you extract it.). I will use the `testindex` table from `fakedata` schema for demonstration.\n",
    "\n",
    "## How do humans store and search data?\n",
    "\n",
    "```{margin}\n",
    "<img src='img/lookcartoon.png' width=50%>\n",
    "```\n",
    "\n",
    "Think about how we used to store data before the era of computers? We used to store the data in books. Let's take this children's encyclopedia as an example.\n",
    "\n",
    "<img src='img/ency.png' width=90%>\n",
    "\n",
    ".\n",
    "\n",
    "There are around 300 `pages` in this book, and if a kid wants to know about `China`, they will go from the first `page` until they get to the 48th page`. There might be other places too that talk about china. So the kid wants to go over all the pages to gather all the information about China.\n",
    "\n",
    "This is how a kid would `search`, but we are grown up and know about indexes in a book. So if you want to read about china, you would go to the `index` of this book, look for `China`, and go to the 48th page straight away (and to other pages listed in the index). If you want to read some history about indexes, check out [this](http://www.elephant.org.il/indexing/a-history-of-index-creation) article.\n",
    "\n",
    "OKAY, now you all know how humans search for data from a book; Postgres also store and search data similarly.\n",
    "\n",
    "## How does Postgres store data? \n",
    "Information within a database is also stored in pages. A database page is not structured like in a book, but it's structured like below.\n",
    "\n",
    "<img src='img/page.png' width=90%>\n",
    "\n",
    ".\n",
    "\n",
    "So these pages are of 8 kB blocks; there are some meta-data as headers (green) at the front of it and item ID (yellow) that points to the tuples(rows). This ends with a special section (blue) left empty in ordinary tables, but if we have some indexes set on the tables, it will have some information to facilitate the index access methods.\n",
    "\n",
    "So a table within a database will have a list of pages where the data is stored, and these individual pages store multiple tuples within that table.\n",
    "\n",
    "Read more about it [here.](https://www.postgresql.org/docs/current/storage-page-layout.html)\n",
    "\n",
    "## How does Postgres search data?\n",
    "\n",
    "Let's consider a complicated table.\n",
    "\n",
    "<img src='img/table.png' width=70%>\n",
    "\n",
    "For explanation, let's assume that the contents in this table are stored in 3 page files. Here we are interested in finding the rows with the unique name that starts with `y`. A database, just like a kid, needs to search through the 3 pages to find the rows that contain a name that begins with `y`. This is a sequential search, and this is how a database search by default. This process could be slow if we got millions of rows spread across multiple pages, as the computer needs to go through the entire pages to find the names that start with y. \n",
    "\n",
    "Also, here in this example, let's assume that Yokamino is on page 2, the database will find this on page 2, but it will still go to page 3 in search of other occurrences of names that start with y. WHY? Because it doesn't know that there is only a single occurrence of a name that starts with y. \n",
    "\n",
    "Let's look at how Postgres search for data using `EXPLAIN`. We will do this on table `fakedata.testindex`,"
   ]
  },
  {
   "cell_type": "code",
   "execution_count": 1,
   "id": "93464357-8034-4b33-9291-db2e3b38d5e2",
   "metadata": {},
   "outputs": [],
   "source": [
    "import pandas as pd\n",
    "import matplotlib.pyplot as plt\n",
    "import psycopg2\n",
    "import json\n",
    "import urllib.parse\n",
    "\n",
    "%load_ext sql\n",
    "%config SqlMagic.displaylimit = 20\n",
    "%config SqlMagic.autolimit = 30\n",
    "\n",
    "with open('credentials.json') as f:\n",
    "    login = json.load(f)\n",
    "    \n",
    "username = login['user']\n",
    "password = urllib.parse.quote(login['password'])\n",
    "host = login['host']\n",
    "port = login['port']"
   ]
  },
  {
   "cell_type": "code",
   "execution_count": 2,
   "id": "52ca3f71-e188-4639-b29c-dec7d71647d8",
   "metadata": {},
   "outputs": [],
   "source": [
    "%sql postgresql://{username}:{password}@{host}:{port}/postgres"
   ]
  },
  {
   "cell_type": "code",
   "execution_count": 3,
   "id": "981e6002-300c-4d3c-9e82-7d933b720604",
   "metadata": {},
   "outputs": [
    {
     "name": "stdout",
     "output_type": "stream",
     "text": [
      " * postgresql://postgres:***@database-1.ccf3srhijxm7.us-east-1.rds.amazonaws.com:5432/postgres\n",
      "Done.\n",
      "Done.\n"
     ]
    },
    {
     "data": {
      "text/plain": [
       "[]"
      ]
     },
     "execution_count": 3,
     "metadata": {},
     "output_type": "execute_result"
    }
   ],
   "source": [
    "%%sql\n",
    "\n",
    "DROP INDEX if exists fakedata.hash_testindex_index;\n",
    "DROP INDEX if exists fakedata.pgweb_idx;"
   ]
  },
  {
   "cell_type": "markdown",
   "id": "04734f9f",
   "metadata": {},
   "source": [
    "Here, we do a normal search for a product name within the column `productname`."
   ]
  },
  {
   "cell_type": "code",
   "execution_count": 4,
   "id": "91cd6e7b-2e54-4568-9f03-d8a440b0f99f",
   "metadata": {},
   "outputs": [
    {
     "name": "stdout",
     "output_type": "stream",
     "text": [
      " * postgresql://postgres:***@database-1.ccf3srhijxm7.us-east-1.rds.amazonaws.com:5432/postgres\n",
      "10 rows affected.\n"
     ]
    },
    {
     "data": {
      "text/html": [
       "<table>\n",
       "    <tr>\n",
       "        <th>QUERY PLAN</th>\n",
       "    </tr>\n",
       "    <tr>\n",
       "        <td>Finalize Aggregate  (cost=144385.24..144385.25 rows=1 width=8) (actual time=1239.318..1244.724 rows=1 loops=1)</td>\n",
       "    </tr>\n",
       "    <tr>\n",
       "        <td>&nbsp;&nbsp;-&gt;  Gather  (cost=144385.03..144385.24 rows=2 width=8) (actual time=1239.309..1244.717 rows=3 loops=1)</td>\n",
       "    </tr>\n",
       "    <tr>\n",
       "        <td>&nbsp;&nbsp;&nbsp;&nbsp;&nbsp;&nbsp;&nbsp;&nbsp;Workers Planned: 2</td>\n",
       "    </tr>\n",
       "    <tr>\n",
       "        <td>&nbsp;&nbsp;&nbsp;&nbsp;&nbsp;&nbsp;&nbsp;&nbsp;Workers Launched: 2</td>\n",
       "    </tr>\n",
       "    <tr>\n",
       "        <td>&nbsp;&nbsp;&nbsp;&nbsp;&nbsp;&nbsp;&nbsp;&nbsp;-&gt;  Partial Aggregate  (cost=143385.03..143385.04 rows=1 width=8) (actual time=1232.102..1232.103 rows=1 loops=3)</td>\n",
       "    </tr>\n",
       "    <tr>\n",
       "        <td>&nbsp;&nbsp;&nbsp;&nbsp;&nbsp;&nbsp;&nbsp;&nbsp;&nbsp;&nbsp;&nbsp;&nbsp;&nbsp;&nbsp;-&gt;  Parallel Seq Scan on testindex  (cost=0.00..143384.96 rows=25 width=0) (actual time=1232.098..1232.098 rows=0 loops=3)</td>\n",
       "    </tr>\n",
       "    <tr>\n",
       "        <td>&nbsp;&nbsp;&nbsp;&nbsp;&nbsp;&nbsp;&nbsp;&nbsp;&nbsp;&nbsp;&nbsp;&nbsp;&nbsp;&nbsp;&nbsp;&nbsp;&nbsp;&nbsp;&nbsp;&nbsp;Filter: (productname = &#x27;flavor halibut&#x27;::text)</td>\n",
       "    </tr>\n",
       "    <tr>\n",
       "        <td>&nbsp;&nbsp;&nbsp;&nbsp;&nbsp;&nbsp;&nbsp;&nbsp;&nbsp;&nbsp;&nbsp;&nbsp;&nbsp;&nbsp;&nbsp;&nbsp;&nbsp;&nbsp;&nbsp;&nbsp;Rows Removed by Filter: 3724110</td>\n",
       "    </tr>\n",
       "    <tr>\n",
       "        <td>Planning Time: 0.219 ms</td>\n",
       "    </tr>\n",
       "    <tr>\n",
       "        <td>Execution Time: 1244.833 ms</td>\n",
       "    </tr>\n",
       "</table>"
      ],
      "text/plain": [
       "[('Finalize Aggregate  (cost=144385.24..144385.25 rows=1 width=8) (actual time=1239.318..1244.724 rows=1 loops=1)',),\n",
       " ('  ->  Gather  (cost=144385.03..144385.24 rows=2 width=8) (actual time=1239.309..1244.717 rows=3 loops=1)',),\n",
       " ('        Workers Planned: 2',),\n",
       " ('        Workers Launched: 2',),\n",
       " ('        ->  Partial Aggregate  (cost=143385.03..143385.04 rows=1 width=8) (actual time=1232.102..1232.103 rows=1 loops=3)',),\n",
       " ('              ->  Parallel Seq Scan on testindex  (cost=0.00..143384.96 rows=25 width=0) (actual time=1232.098..1232.098 rows=0 loops=3)',),\n",
       " (\"                    Filter: (productname = 'flavor halibut'::text)\",),\n",
       " ('                    Rows Removed by Filter: 3724110',),\n",
       " ('Planning Time: 0.219 ms',),\n",
       " ('Execution Time: 1244.833 ms',)]"
      ]
     },
     "execution_count": 4,
     "metadata": {},
     "output_type": "execute_result"
    }
   ],
   "source": [
    "%%sql\n",
    "explain analyze select count(*) from fakedata.testindex where productname = 'flavor halibut';"
   ]
  },
  {
   "cell_type": "markdown",
   "id": "4c3ca5b9",
   "metadata": {},
   "source": [
    "We are doing a pattern matching search to return all the `productname` that start with `fla`."
   ]
  },
  {
   "cell_type": "code",
   "execution_count": 5,
   "id": "caba703d-e83d-4113-aae3-dc08c253ac97",
   "metadata": {},
   "outputs": [
    {
     "name": "stdout",
     "output_type": "stream",
     "text": [
      " * postgresql://postgres:***@database-1.ccf3srhijxm7.us-east-1.rds.amazonaws.com:5432/postgres\n",
      "10 rows affected.\n"
     ]
    },
    {
     "data": {
      "text/html": [
       "<table>\n",
       "    <tr>\n",
       "        <th>QUERY PLAN</th>\n",
       "    </tr>\n",
       "    <tr>\n",
       "        <td>Finalize Aggregate  (cost=144386.34..144386.35 rows=1 width=8) (actual time=1389.019..1389.733 rows=1 loops=1)</td>\n",
       "    </tr>\n",
       "    <tr>\n",
       "        <td>&nbsp;&nbsp;-&gt;  Gather  (cost=144386.13..144386.34 rows=2 width=8) (actual time=1384.436..1389.719 rows=3 loops=1)</td>\n",
       "    </tr>\n",
       "    <tr>\n",
       "        <td>&nbsp;&nbsp;&nbsp;&nbsp;&nbsp;&nbsp;&nbsp;&nbsp;Workers Planned: 2</td>\n",
       "    </tr>\n",
       "    <tr>\n",
       "        <td>&nbsp;&nbsp;&nbsp;&nbsp;&nbsp;&nbsp;&nbsp;&nbsp;Workers Launched: 2</td>\n",
       "    </tr>\n",
       "    <tr>\n",
       "        <td>&nbsp;&nbsp;&nbsp;&nbsp;&nbsp;&nbsp;&nbsp;&nbsp;-&gt;  Partial Aggregate  (cost=143386.13..143386.14 rows=1 width=8) (actual time=1375.788..1375.789 rows=1 loops=3)</td>\n",
       "    </tr>\n",
       "    <tr>\n",
       "        <td>&nbsp;&nbsp;&nbsp;&nbsp;&nbsp;&nbsp;&nbsp;&nbsp;&nbsp;&nbsp;&nbsp;&nbsp;&nbsp;&nbsp;-&gt;  Parallel Seq Scan on testindex  (cost=0.00..143384.96 rows=465 width=0) (actual time=0.096..1374.113 rows=9271 loops=3)</td>\n",
       "    </tr>\n",
       "    <tr>\n",
       "        <td>&nbsp;&nbsp;&nbsp;&nbsp;&nbsp;&nbsp;&nbsp;&nbsp;&nbsp;&nbsp;&nbsp;&nbsp;&nbsp;&nbsp;&nbsp;&nbsp;&nbsp;&nbsp;&nbsp;&nbsp;Filter: (productname ~~ &#x27;fla%&#x27;::text)</td>\n",
       "    </tr>\n",
       "    <tr>\n",
       "        <td>&nbsp;&nbsp;&nbsp;&nbsp;&nbsp;&nbsp;&nbsp;&nbsp;&nbsp;&nbsp;&nbsp;&nbsp;&nbsp;&nbsp;&nbsp;&nbsp;&nbsp;&nbsp;&nbsp;&nbsp;Rows Removed by Filter: 3714839</td>\n",
       "    </tr>\n",
       "    <tr>\n",
       "        <td>Planning Time: 0.099 ms</td>\n",
       "    </tr>\n",
       "    <tr>\n",
       "        <td>Execution Time: 1389.769 ms</td>\n",
       "    </tr>\n",
       "</table>"
      ],
      "text/plain": [
       "[('Finalize Aggregate  (cost=144386.34..144386.35 rows=1 width=8) (actual time=1389.019..1389.733 rows=1 loops=1)',),\n",
       " ('  ->  Gather  (cost=144386.13..144386.34 rows=2 width=8) (actual time=1384.436..1389.719 rows=3 loops=1)',),\n",
       " ('        Workers Planned: 2',),\n",
       " ('        Workers Launched: 2',),\n",
       " ('        ->  Partial Aggregate  (cost=143386.13..143386.14 rows=1 width=8) (actual time=1375.788..1375.789 rows=1 loops=3)',),\n",
       " ('              ->  Parallel Seq Scan on testindex  (cost=0.00..143384.96 rows=465 width=0) (actual time=0.096..1374.113 rows=9271 loops=3)',),\n",
       " (\"                    Filter: (productname ~~ 'fla%'::text)\",),\n",
       " ('                    Rows Removed by Filter: 3714839',),\n",
       " ('Planning Time: 0.099 ms',),\n",
       " ('Execution Time: 1389.769 ms',)]"
      ]
     },
     "execution_count": 5,
     "metadata": {},
     "output_type": "execute_result"
    }
   ],
   "source": [
    "%%sql\n",
    "EXPLAIN ANALYZE SELECT COUNT(*) FROM fakedata.testindex WHERE productname LIKE 'fla%';"
   ]
  },
  {
   "cell_type": "markdown",
   "id": "65710707",
   "metadata": {},
   "source": [
    "```{note}\n",
    "A query is turned into an internal execution plan breaking the query into specific elements that are re-ordered and optimized. Read more about EXPLAIN [here](https://www.postgresql.org/docs/9.5/using-explain.html). [This](https://thoughtbot.com/blog/reading-an-explain-analyze-query-plan) blog also explains it well.\n",
    "```\n",
    "\n",
    "These are computers, so it's faster than humans to go through all the pages, but it's inefficient. ***_Won't it be cool to tell the database that the data you are looking for is only on certain pages, so database don't want to go through all these pages !!!_*** This is WHY we want indexes. We will see if indexing can speed up the previous query.\n",
    "\n",
    "## WHAT are indexes?\n",
    "\n",
    "Indexes make a map of each of these rows effectively as where they are put into the page files so we can do a sequential scan of an index to find the pointer to page/pages this information is stored. So the database can go straight to those pages and skip the rest of the pages.\n",
    "\n",
    "<img src='img/indexscan.png' width=60%>\n",
    "\n",
    "Index gets applied to a column in a table. As we were querying on the column `productname`, let's now apply an index to the column `productname` in the database and see how the query execution plan changes. Will it improve the speed? Let's see.."
   ]
  },
  {
   "cell_type": "code",
   "execution_count": 7,
   "id": "f8d9f09c-0b9e-418f-a097-61bead21f497",
   "metadata": {},
   "outputs": [
    {
     "name": "stdout",
     "output_type": "stream",
     "text": [
      " * postgresql://postgres:***@database-1.ccf3srhijxm7.us-east-1.rds.amazonaws.com:5432/postgres\n",
      "Done.\n"
     ]
    },
    {
     "data": {
      "text/plain": [
       "[]"
      ]
     },
     "execution_count": 7,
     "metadata": {},
     "output_type": "execute_result"
    }
   ],
   "source": [
    "%%sql\n",
    "CREATE INDEX if not exists default_testindex_index ON fakedata.testindex (productname varchar_pattern_ops);"
   ]
  },
  {
   "cell_type": "code",
   "execution_count": 8,
   "id": "31d9ce0f-8287-4961-aa95-60198d181111",
   "metadata": {},
   "outputs": [
    {
     "name": "stdout",
     "output_type": "stream",
     "text": [
      " * postgresql://postgres:***@database-1.ccf3srhijxm7.us-east-1.rds.amazonaws.com:5432/postgres\n",
      "6 rows affected.\n"
     ]
    },
    {
     "data": {
      "text/html": [
       "<table>\n",
       "    <tr>\n",
       "        <th>QUERY PLAN</th>\n",
       "    </tr>\n",
       "    <tr>\n",
       "        <td>Aggregate  (cost=9.65..9.66 rows=1 width=8) (actual time=0.032..0.033 rows=1 loops=1)</td>\n",
       "    </tr>\n",
       "    <tr>\n",
       "        <td>&nbsp;&nbsp;-&gt;  Index Only Scan using default_testindex_index on testindex  (cost=0.43..9.50 rows=61 width=0) (actual time=0.030..0.030 rows=0 loops=1)</td>\n",
       "    </tr>\n",
       "    <tr>\n",
       "        <td>&nbsp;&nbsp;&nbsp;&nbsp;&nbsp;&nbsp;&nbsp;&nbsp;Index Cond: (productname = &#x27;flavor halibut&#x27;::text)</td>\n",
       "    </tr>\n",
       "    <tr>\n",
       "        <td>&nbsp;&nbsp;&nbsp;&nbsp;&nbsp;&nbsp;&nbsp;&nbsp;Heap Fetches: 0</td>\n",
       "    </tr>\n",
       "    <tr>\n",
       "        <td>Planning Time: 0.210 ms</td>\n",
       "    </tr>\n",
       "    <tr>\n",
       "        <td>Execution Time: 0.058 ms</td>\n",
       "    </tr>\n",
       "</table>"
      ],
      "text/plain": [
       "[('Aggregate  (cost=9.65..9.66 rows=1 width=8) (actual time=0.032..0.033 rows=1 loops=1)',),\n",
       " ('  ->  Index Only Scan using default_testindex_index on testindex  (cost=0.43..9.50 rows=61 width=0) (actual time=0.030..0.030 rows=0 loops=1)',),\n",
       " (\"        Index Cond: (productname = 'flavor halibut'::text)\",),\n",
       " ('        Heap Fetches: 0',),\n",
       " ('Planning Time: 0.210 ms',),\n",
       " ('Execution Time: 0.058 ms',)]"
      ]
     },
     "execution_count": 8,
     "metadata": {},
     "output_type": "execute_result"
    }
   ],
   "source": [
    "%%sql\n",
    "explain analyze select count(*) from fakedata.testindex where productname = 'flavor halibut';"
   ]
  },
  {
   "cell_type": "code",
   "execution_count": 9,
   "id": "a6171272-838d-46ab-866f-49a7823b85d9",
   "metadata": {},
   "outputs": [
    {
     "name": "stdout",
     "output_type": "stream",
     "text": [
      " * postgresql://postgres:***@database-1.ccf3srhijxm7.us-east-1.rds.amazonaws.com:5432/postgres\n",
      "7 rows affected.\n"
     ]
    },
    {
     "data": {
      "text/html": [
       "<table>\n",
       "    <tr>\n",
       "        <th>QUERY PLAN</th>\n",
       "    </tr>\n",
       "    <tr>\n",
       "        <td>Aggregate  (cost=11.25..11.26 rows=1 width=8) (actual time=4.700..4.701 rows=1 loops=1)</td>\n",
       "    </tr>\n",
       "    <tr>\n",
       "        <td>&nbsp;&nbsp;-&gt;  Index Only Scan using default_testindex_index on testindex  (cost=0.43..8.46 rows=1117 width=0) (actual time=0.033..3.442 rows=27814 loops=1)</td>\n",
       "    </tr>\n",
       "    <tr>\n",
       "        <td>&nbsp;&nbsp;&nbsp;&nbsp;&nbsp;&nbsp;&nbsp;&nbsp;Index Cond: ((productname ~&gt;=~ &#x27;fla&#x27;::text) AND (productname ~&lt;~ &#x27;flb&#x27;::text))</td>\n",
       "    </tr>\n",
       "    <tr>\n",
       "        <td>&nbsp;&nbsp;&nbsp;&nbsp;&nbsp;&nbsp;&nbsp;&nbsp;Filter: (productname ~~ &#x27;fla%&#x27;::text)</td>\n",
       "    </tr>\n",
       "    <tr>\n",
       "        <td>&nbsp;&nbsp;&nbsp;&nbsp;&nbsp;&nbsp;&nbsp;&nbsp;Heap Fetches: 0</td>\n",
       "    </tr>\n",
       "    <tr>\n",
       "        <td>Planning Time: 1.034 ms</td>\n",
       "    </tr>\n",
       "    <tr>\n",
       "        <td>Execution Time: 5.326 ms</td>\n",
       "    </tr>\n",
       "</table>"
      ],
      "text/plain": [
       "[('Aggregate  (cost=11.25..11.26 rows=1 width=8) (actual time=4.700..4.701 rows=1 loops=1)',),\n",
       " ('  ->  Index Only Scan using default_testindex_index on testindex  (cost=0.43..8.46 rows=1117 width=0) (actual time=0.033..3.442 rows=27814 loops=1)',),\n",
       " (\"        Index Cond: ((productname ~>=~ 'fla'::text) AND (productname ~<~ 'flb'::text))\",),\n",
       " (\"        Filter: (productname ~~ 'fla%'::text)\",),\n",
       " ('        Heap Fetches: 0',),\n",
       " ('Planning Time: 1.034 ms',),\n",
       " ('Execution Time: 5.326 ms',)]"
      ]
     },
     "execution_count": 9,
     "metadata": {},
     "output_type": "execute_result"
    }
   ],
   "source": [
    "%%sql\n",
    "EXPLAIN ANALYZE \n",
    "SELECT COUNT(*) FROM fakedata.testindex \n",
    "WHERE productname LIKE 'fla%';"
   ]
  },
  {
   "cell_type": "markdown",
   "id": "1046e917",
   "metadata": {},
   "source": [
    "***_Hurrayyy!!!!_*** It increased the speed, and you see that your query planner used the index to speed up queries.\n",
    "\n",
    "But keep in mind if the selection criteria are too broad, or the INDEX is too imprecise, the query planner will skip it.\n",
    "\n",
    "<img src='img/indexscanbroad.png' width=65%>\n",
    "\n",
    "Let's try that out."
   ]
  },
  {
   "cell_type": "code",
   "execution_count": 10,
   "id": "991ec0d7-6036-4041-9105-fe3ad53d70d4",
   "metadata": {},
   "outputs": [
    {
     "name": "stdout",
     "output_type": "stream",
     "text": [
      " * postgresql://postgres:***@database-1.ccf3srhijxm7.us-east-1.rds.amazonaws.com:5432/postgres\n",
      "9 rows affected.\n"
     ]
    },
    {
     "data": {
      "text/html": [
       "<table>\n",
       "    <tr>\n",
       "        <th>QUERY PLAN</th>\n",
       "    </tr>\n",
       "    <tr>\n",
       "        <td>Finalize Aggregate  (cost=156010.12..156010.13 rows=1 width=8) (actual time=1882.714..1883.335 rows=1 loops=1)</td>\n",
       "    </tr>\n",
       "    <tr>\n",
       "        <td>&nbsp;&nbsp;-&gt;  Gather  (cost=156009.90..156010.11 rows=2 width=8) (actual time=1877.923..1883.320 rows=3 loops=1)</td>\n",
       "    </tr>\n",
       "    <tr>\n",
       "        <td>&nbsp;&nbsp;&nbsp;&nbsp;&nbsp;&nbsp;&nbsp;&nbsp;Workers Planned: 2</td>\n",
       "    </tr>\n",
       "    <tr>\n",
       "        <td>&nbsp;&nbsp;&nbsp;&nbsp;&nbsp;&nbsp;&nbsp;&nbsp;Workers Launched: 2</td>\n",
       "    </tr>\n",
       "    <tr>\n",
       "        <td>&nbsp;&nbsp;&nbsp;&nbsp;&nbsp;&nbsp;&nbsp;&nbsp;-&gt;  Partial Aggregate  (cost=155009.90..155009.91 rows=1 width=8) (actual time=1871.705..1871.706 rows=1 loops=3)</td>\n",
       "    </tr>\n",
       "    <tr>\n",
       "        <td>&nbsp;&nbsp;&nbsp;&nbsp;&nbsp;&nbsp;&nbsp;&nbsp;&nbsp;&nbsp;&nbsp;&nbsp;&nbsp;&nbsp;-&gt;  Parallel Seq Scan on testindex  (cost=0.00..143373.22 rows=4654672 width=0) (actual time=0.040..1341.050 rows=3724110 loops=3)</td>\n",
       "    </tr>\n",
       "    <tr>\n",
       "        <td>&nbsp;&nbsp;&nbsp;&nbsp;&nbsp;&nbsp;&nbsp;&nbsp;&nbsp;&nbsp;&nbsp;&nbsp;&nbsp;&nbsp;&nbsp;&nbsp;&nbsp;&nbsp;&nbsp;&nbsp;Filter: (productname ~~ &#x27;%&#x27;::text)</td>\n",
       "    </tr>\n",
       "    <tr>\n",
       "        <td>Planning Time: 0.071 ms</td>\n",
       "    </tr>\n",
       "    <tr>\n",
       "        <td>Execution Time: 1883.369 ms</td>\n",
       "    </tr>\n",
       "</table>"
      ],
      "text/plain": [
       "[('Finalize Aggregate  (cost=156010.12..156010.13 rows=1 width=8) (actual time=1882.714..1883.335 rows=1 loops=1)',),\n",
       " ('  ->  Gather  (cost=156009.90..156010.11 rows=2 width=8) (actual time=1877.923..1883.320 rows=3 loops=1)',),\n",
       " ('        Workers Planned: 2',),\n",
       " ('        Workers Launched: 2',),\n",
       " ('        ->  Partial Aggregate  (cost=155009.90..155009.91 rows=1 width=8) (actual time=1871.705..1871.706 rows=1 loops=3)',),\n",
       " ('              ->  Parallel Seq Scan on testindex  (cost=0.00..143373.22 rows=4654672 width=0) (actual time=0.040..1341.050 rows=3724110 loops=3)',),\n",
       " (\"                    Filter: (productname ~~ '%'::text)\",),\n",
       " ('Planning Time: 0.071 ms',),\n",
       " ('Execution Time: 1883.369 ms',)]"
      ]
     },
     "execution_count": 10,
     "metadata": {},
     "output_type": "execute_result"
    }
   ],
   "source": [
    "%%sql\n",
    "\n",
    "EXPLAIN ANALYZE \n",
    "SELECT COUNT(*) FROM fakedata.testindex \n",
    "WHERE productname LIKE '%';"
   ]
  },
  {
   "cell_type": "markdown",
   "id": "db99aeba",
   "metadata": {},
   "source": [
    "It's good that database engines are smart enough to identify if it's better to look at an index or perform a sequential scan. Here in this example, the database engine understands the query is too broad. But, ultimately, it's going to search through entire rows, so it's better to perform a sequential scan rather than look up at the index. \n",
    "\n",
    "As the index is making a map in the disk, it takes up disk storage. Let's see how much space this index is taking up"
   ]
  },
  {
   "cell_type": "code",
   "execution_count": 11,
   "id": "03858934-d112-4718-a5d0-433fe0951c61",
   "metadata": {},
   "outputs": [
    {
     "name": "stdout",
     "output_type": "stream",
     "text": [
      " * postgresql://postgres:***@database-1.ccf3srhijxm7.us-east-1.rds.amazonaws.com:5432/postgres\n",
      "1 rows affected.\n"
     ]
    },
    {
     "data": {
      "text/html": [
       "<table>\n",
       "    <tr>\n",
       "        <th>pg_size_pretty</th>\n",
       "    </tr>\n",
       "    <tr>\n",
       "        <td>83 MB</td>\n",
       "    </tr>\n",
       "</table>"
      ],
      "text/plain": [
       "[('83 MB',)]"
      ]
     },
     "execution_count": 11,
     "metadata": {},
     "output_type": "execute_result"
    }
   ],
   "source": [
    "%%sql\n",
    "SELECT pg_size_pretty (pg_indexes_size('fakedata.testindex'));"
   ]
  },
  {
   "cell_type": "markdown",
   "id": "a1402bd9",
   "metadata": {},
   "source": [
    "Now we realize indexes are great! So let's try some different queries."
   ]
  },
  {
   "cell_type": "code",
   "execution_count": 12,
   "id": "6a5b6b41-9c6f-4f36-a7dc-fbac59fef4ce",
   "metadata": {},
   "outputs": [
    {
     "name": "stdout",
     "output_type": "stream",
     "text": [
      " * postgresql://postgres:***@database-1.ccf3srhijxm7.us-east-1.rds.amazonaws.com:5432/postgres\n",
      "10 rows affected.\n"
     ]
    },
    {
     "data": {
      "text/html": [
       "<table>\n",
       "    <tr>\n",
       "        <th>QUERY PLAN</th>\n",
       "    </tr>\n",
       "    <tr>\n",
       "        <td>Finalize Aggregate  (cost=144374.60..144374.61 rows=1 width=8) (actual time=2611.150..2614.830 rows=1 loops=1)</td>\n",
       "    </tr>\n",
       "    <tr>\n",
       "        <td>&nbsp;&nbsp;-&gt;  Gather  (cost=144374.39..144374.60 rows=2 width=8) (actual time=2608.287..2614.816 rows=3 loops=1)</td>\n",
       "    </tr>\n",
       "    <tr>\n",
       "        <td>&nbsp;&nbsp;&nbsp;&nbsp;&nbsp;&nbsp;&nbsp;&nbsp;Workers Planned: 2</td>\n",
       "    </tr>\n",
       "    <tr>\n",
       "        <td>&nbsp;&nbsp;&nbsp;&nbsp;&nbsp;&nbsp;&nbsp;&nbsp;Workers Launched: 2</td>\n",
       "    </tr>\n",
       "    <tr>\n",
       "        <td>&nbsp;&nbsp;&nbsp;&nbsp;&nbsp;&nbsp;&nbsp;&nbsp;-&gt;  Partial Aggregate  (cost=143374.39..143374.40 rows=1 width=8) (actual time=2583.330..2583.331 rows=1 loops=3)</td>\n",
       "    </tr>\n",
       "    <tr>\n",
       "        <td>&nbsp;&nbsp;&nbsp;&nbsp;&nbsp;&nbsp;&nbsp;&nbsp;&nbsp;&nbsp;&nbsp;&nbsp;&nbsp;&nbsp;-&gt;  Parallel Seq Scan on testindex  (cost=0.00..143373.22 rows=465 width=0) (actual time=0.081..2577.623 rows=22257 loops=3)</td>\n",
       "    </tr>\n",
       "    <tr>\n",
       "        <td>&nbsp;&nbsp;&nbsp;&nbsp;&nbsp;&nbsp;&nbsp;&nbsp;&nbsp;&nbsp;&nbsp;&nbsp;&nbsp;&nbsp;&nbsp;&nbsp;&nbsp;&nbsp;&nbsp;&nbsp;Filter: (productname ~~ &#x27;%fla%&#x27;::text)</td>\n",
       "    </tr>\n",
       "    <tr>\n",
       "        <td>&nbsp;&nbsp;&nbsp;&nbsp;&nbsp;&nbsp;&nbsp;&nbsp;&nbsp;&nbsp;&nbsp;&nbsp;&nbsp;&nbsp;&nbsp;&nbsp;&nbsp;&nbsp;&nbsp;&nbsp;Rows Removed by Filter: 3701853</td>\n",
       "    </tr>\n",
       "    <tr>\n",
       "        <td>Planning Time: 0.075 ms</td>\n",
       "    </tr>\n",
       "    <tr>\n",
       "        <td>Execution Time: 2614.867 ms</td>\n",
       "    </tr>\n",
       "</table>"
      ],
      "text/plain": [
       "[('Finalize Aggregate  (cost=144374.60..144374.61 rows=1 width=8) (actual time=2611.150..2614.830 rows=1 loops=1)',),\n",
       " ('  ->  Gather  (cost=144374.39..144374.60 rows=2 width=8) (actual time=2608.287..2614.816 rows=3 loops=1)',),\n",
       " ('        Workers Planned: 2',),\n",
       " ('        Workers Launched: 2',),\n",
       " ('        ->  Partial Aggregate  (cost=143374.39..143374.40 rows=1 width=8) (actual time=2583.330..2583.331 rows=1 loops=3)',),\n",
       " ('              ->  Parallel Seq Scan on testindex  (cost=0.00..143373.22 rows=465 width=0) (actual time=0.081..2577.623 rows=22257 loops=3)',),\n",
       " (\"                    Filter: (productname ~~ '%fla%'::text)\",),\n",
       " ('                    Rows Removed by Filter: 3701853',),\n",
       " ('Planning Time: 0.075 ms',),\n",
       " ('Execution Time: 2614.867 ms',)]"
      ]
     },
     "execution_count": 12,
     "metadata": {},
     "output_type": "execute_result"
    }
   ],
   "source": [
    "%%sql\n",
    "\n",
    "EXPLAIN ANALYZE \n",
    "SELECT COUNT(*) FROM fakedata.testindex \n",
    "WHERE productname LIKE '%fla%';"
   ]
  },
  {
   "cell_type": "markdown",
   "id": "9890adea",
   "metadata": {},
   "source": [
    "This was not too broad search; we were trying to return all the elements that contains `fla`. ***_But why didn't it speed things up? So we can't always go with default indexing, and it might not be helpful in all cases._*** That's why it's important to know about different indexes and a general understanding of how it works. This will help you to choose indexes properly in various situations.\n",
    "\n",
    "## Different kinds of indexes\n",
    "\n",
    "In this section, we will go through various kinds of indexes and syntax for creating them;\n",
    "\n",
    "- B-Tree (binary search tree - btree)\n",
    "- Hash\n",
    "- GIST (Generalized Search Tree)\n",
    "- GIN (Generalized Inverted Tree)\n",
    "- BRIN (Block Range Index)\n",
    "\n",
    "Each has its own set of operations, tied to Postgres functions/operators. For example, you can read about indexes [here](https://www.postgresql.org/docs/current/indexes-types.html). \n",
    "\n",
    "The general syntax for making an index:\n",
    "```\n",
    "CREATE INDEX indexname ON schema.tablename USING method (columnname opclass);\n",
    "```\n",
    "\n",
    "### B-Tree\n",
    "\n",
    "B-Tree is the default index, and you can see we used this previously for column `productname`. \n",
    "\n",
    "General Syntax: Here the ` Operator_Classes` is optional. Read more on it [here](https://www.postgresql.org/docs/current/indexes-opclass.html)\n",
    "\n",
    "```\n",
    "CREATE INDEX if not exists index_name ON schema.tablename (columnname Operator_Classes);\n",
    "```\n",
    "\n",
    "Example:\n",
    "\n",
    "```\n",
    "CREATE INDEX if not exists default_testindex_index ON fakedata.testindex (productname varchar_pattern_ops);\n",
    "```\n",
    "\n",
    "```{note}\n",
    "If you are using B-Tree indexing on a numeric column that you don't want to specify 'Operator_Classes'. Operator class `varchar_pattern_ops` is used for character column.\n",
    "```\n",
    "\n",
    "You will do it on a numeric column in worksheet 3.\n",
    "\n",
    "- Values are balanced across nodes to produce a minimum-spanning tree.\n",
    "- Each node splits values, each “leaf” points to addresses.\n",
    "- All nodes are equidistant from the root.\n",
    "- High Key\n",
    "\n",
    "<img src='img/btreenum.png' width=80%>\n",
    "\n",
    "Btree is not just about dealing with numbers but also handling text columns; that's the reason why I gave `varchar_pattern_ops` as `opclass`. So in this example, finds the field that we are looking for in just 3 steps, rather than scanning 7 rows.\n",
    "\n",
    "<img src='img/btreealph.png' width=80%>\n",
    "\n",
    "### Hash\n",
    "- Cell values are hashed (encoded) form and mapped to address “buckets”\n",
    "- Hash -> bucket mappings -> disk address\n",
    "- The hash function tries to balance the number of buckets & number of addresses within a bucket\n",
    "- Hash only supports EQUALITY\n",
    "\n",
    "<img src='img/hash.png' width=80%>\n",
    "\n",
    "Let's create a hash index on column `productname` and execute queries that we ran before"
   ]
  },
  {
   "cell_type": "code",
   "execution_count": 13,
   "id": "99d82e65-2786-47c3-b22b-3442d37f01d3",
   "metadata": {},
   "outputs": [
    {
     "name": "stdout",
     "output_type": "stream",
     "text": [
      " * postgresql://postgres:***@database-1.ccf3srhijxm7.us-east-1.rds.amazonaws.com:5432/postgres\n",
      "Done.\n",
      "Done.\n"
     ]
    },
    {
     "data": {
      "text/plain": [
       "[]"
      ]
     },
     "execution_count": 13,
     "metadata": {},
     "output_type": "execute_result"
    }
   ],
   "source": [
    "%%sql\n",
    "\n",
    "DROP INDEX fakedata.default_testindex_index;\n",
    "CREATE INDEX if not exists hash_testindex_index ON fakedata.testindex USING hash(productname);"
   ]
  },
  {
   "cell_type": "code",
   "execution_count": 14,
   "id": "17fcd4e2-df46-4532-b09c-2f73184b9fdd",
   "metadata": {},
   "outputs": [
    {
     "name": "stdout",
     "output_type": "stream",
     "text": [
      " * postgresql://postgres:***@database-1.ccf3srhijxm7.us-east-1.rds.amazonaws.com:5432/postgres\n",
      "7 rows affected.\n"
     ]
    },
    {
     "data": {
      "text/html": [
       "<table>\n",
       "    <tr>\n",
       "        <th>QUERY PLAN</th>\n",
       "    </tr>\n",
       "    <tr>\n",
       "        <td>Aggregate  (cost=244.49..244.50 rows=1 width=8) (actual time=0.545..0.546 rows=1 loops=1)</td>\n",
       "    </tr>\n",
       "    <tr>\n",
       "        <td>&nbsp;&nbsp;-&gt;  Bitmap Heap Scan on testindex  (cost=4.47..244.34 rows=61 width=0) (actual time=0.540..0.541 rows=0 loops=1)</td>\n",
       "    </tr>\n",
       "    <tr>\n",
       "        <td>&nbsp;&nbsp;&nbsp;&nbsp;&nbsp;&nbsp;&nbsp;&nbsp;Recheck Cond: (productname = &#x27;flavor halibut&#x27;::text)</td>\n",
       "    </tr>\n",
       "    <tr>\n",
       "        <td>&nbsp;&nbsp;&nbsp;&nbsp;&nbsp;&nbsp;&nbsp;&nbsp;-&gt;  Bitmap Index Scan on hash_testindex_index  (cost=0.00..4.46 rows=61 width=0) (actual time=0.538..0.538 rows=0 loops=1)</td>\n",
       "    </tr>\n",
       "    <tr>\n",
       "        <td>&nbsp;&nbsp;&nbsp;&nbsp;&nbsp;&nbsp;&nbsp;&nbsp;&nbsp;&nbsp;&nbsp;&nbsp;&nbsp;&nbsp;Index Cond: (productname = &#x27;flavor halibut&#x27;::text)</td>\n",
       "    </tr>\n",
       "    <tr>\n",
       "        <td>Planning Time: 0.135 ms</td>\n",
       "    </tr>\n",
       "    <tr>\n",
       "        <td>Execution Time: 0.581 ms</td>\n",
       "    </tr>\n",
       "</table>"
      ],
      "text/plain": [
       "[('Aggregate  (cost=244.49..244.50 rows=1 width=8) (actual time=0.545..0.546 rows=1 loops=1)',),\n",
       " ('  ->  Bitmap Heap Scan on testindex  (cost=4.47..244.34 rows=61 width=0) (actual time=0.540..0.541 rows=0 loops=1)',),\n",
       " (\"        Recheck Cond: (productname = 'flavor halibut'::text)\",),\n",
       " ('        ->  Bitmap Index Scan on hash_testindex_index  (cost=0.00..4.46 rows=61 width=0) (actual time=0.538..0.538 rows=0 loops=1)',),\n",
       " (\"              Index Cond: (productname = 'flavor halibut'::text)\",),\n",
       " ('Planning Time: 0.135 ms',),\n",
       " ('Execution Time: 0.581 ms',)]"
      ]
     },
     "execution_count": 14,
     "metadata": {},
     "output_type": "execute_result"
    }
   ],
   "source": [
    "%%sql\n",
    "explain analyze select count(*) from fakedata.testindex where productname = 'flavor halibut';"
   ]
  },
  {
   "cell_type": "code",
   "execution_count": 15,
   "id": "ff50ff09-78ea-4c82-a7f3-aa3a90d0f104",
   "metadata": {},
   "outputs": [
    {
     "name": "stdout",
     "output_type": "stream",
     "text": [
      " * postgresql://postgres:***@database-1.ccf3srhijxm7.us-east-1.rds.amazonaws.com:5432/postgres\n",
      "10 rows affected.\n"
     ]
    },
    {
     "data": {
      "text/html": [
       "<table>\n",
       "    <tr>\n",
       "        <th>QUERY PLAN</th>\n",
       "    </tr>\n",
       "    <tr>\n",
       "        <td>Finalize Aggregate  (cost=144374.60..144374.61 rows=1 width=8) (actual time=1399.701..1402.610 rows=1 loops=1)</td>\n",
       "    </tr>\n",
       "    <tr>\n",
       "        <td>&nbsp;&nbsp;-&gt;  Gather  (cost=144374.39..144374.60 rows=2 width=8) (actual time=1396.766..1402.596 rows=3 loops=1)</td>\n",
       "    </tr>\n",
       "    <tr>\n",
       "        <td>&nbsp;&nbsp;&nbsp;&nbsp;&nbsp;&nbsp;&nbsp;&nbsp;Workers Planned: 2</td>\n",
       "    </tr>\n",
       "    <tr>\n",
       "        <td>&nbsp;&nbsp;&nbsp;&nbsp;&nbsp;&nbsp;&nbsp;&nbsp;Workers Launched: 2</td>\n",
       "    </tr>\n",
       "    <tr>\n",
       "        <td>&nbsp;&nbsp;&nbsp;&nbsp;&nbsp;&nbsp;&nbsp;&nbsp;-&gt;  Partial Aggregate  (cost=143374.39..143374.40 rows=1 width=8) (actual time=1387.416..1387.417 rows=1 loops=3)</td>\n",
       "    </tr>\n",
       "    <tr>\n",
       "        <td>&nbsp;&nbsp;&nbsp;&nbsp;&nbsp;&nbsp;&nbsp;&nbsp;&nbsp;&nbsp;&nbsp;&nbsp;&nbsp;&nbsp;-&gt;  Parallel Seq Scan on testindex  (cost=0.00..143373.22 rows=465 width=0) (actual time=0.490..1382.669 rows=9271 loops=3)</td>\n",
       "    </tr>\n",
       "    <tr>\n",
       "        <td>&nbsp;&nbsp;&nbsp;&nbsp;&nbsp;&nbsp;&nbsp;&nbsp;&nbsp;&nbsp;&nbsp;&nbsp;&nbsp;&nbsp;&nbsp;&nbsp;&nbsp;&nbsp;&nbsp;&nbsp;Filter: (productname ~~ &#x27;fla%&#x27;::text)</td>\n",
       "    </tr>\n",
       "    <tr>\n",
       "        <td>&nbsp;&nbsp;&nbsp;&nbsp;&nbsp;&nbsp;&nbsp;&nbsp;&nbsp;&nbsp;&nbsp;&nbsp;&nbsp;&nbsp;&nbsp;&nbsp;&nbsp;&nbsp;&nbsp;&nbsp;Rows Removed by Filter: 3714839</td>\n",
       "    </tr>\n",
       "    <tr>\n",
       "        <td>Planning Time: 0.081 ms</td>\n",
       "    </tr>\n",
       "    <tr>\n",
       "        <td>Execution Time: 1402.648 ms</td>\n",
       "    </tr>\n",
       "</table>"
      ],
      "text/plain": [
       "[('Finalize Aggregate  (cost=144374.60..144374.61 rows=1 width=8) (actual time=1399.701..1402.610 rows=1 loops=1)',),\n",
       " ('  ->  Gather  (cost=144374.39..144374.60 rows=2 width=8) (actual time=1396.766..1402.596 rows=3 loops=1)',),\n",
       " ('        Workers Planned: 2',),\n",
       " ('        Workers Launched: 2',),\n",
       " ('        ->  Partial Aggregate  (cost=143374.39..143374.40 rows=1 width=8) (actual time=1387.416..1387.417 rows=1 loops=3)',),\n",
       " ('              ->  Parallel Seq Scan on testindex  (cost=0.00..143373.22 rows=465 width=0) (actual time=0.490..1382.669 rows=9271 loops=3)',),\n",
       " (\"                    Filter: (productname ~~ 'fla%'::text)\",),\n",
       " ('                    Rows Removed by Filter: 3714839',),\n",
       " ('Planning Time: 0.081 ms',),\n",
       " ('Execution Time: 1402.648 ms',)]"
      ]
     },
     "execution_count": 15,
     "metadata": {},
     "output_type": "execute_result"
    }
   ],
   "source": [
    "%%sql\n",
    "EXPLAIN ANALYZE \n",
    "SELECT COUNT(*) FROM fakedata.testindex \n",
    "WHERE productname LIKE 'fla%';"
   ]
  },
  {
   "cell_type": "code",
   "execution_count": 16,
   "id": "00a72f8b-e1dd-475b-bd14-6bdac503b97f",
   "metadata": {},
   "outputs": [
    {
     "name": "stdout",
     "output_type": "stream",
     "text": [
      " * postgresql://postgres:***@database-1.ccf3srhijxm7.us-east-1.rds.amazonaws.com:5432/postgres\n",
      "1 rows affected.\n"
     ]
    },
    {
     "data": {
      "text/html": [
       "<table>\n",
       "    <tr>\n",
       "        <th>pg_size_pretty</th>\n",
       "    </tr>\n",
       "    <tr>\n",
       "        <td>381 MB</td>\n",
       "    </tr>\n",
       "</table>"
      ],
      "text/plain": [
       "[('381 MB',)]"
      ]
     },
     "execution_count": 16,
     "metadata": {},
     "output_type": "execute_result"
    }
   ],
   "source": [
    "%%sql\n",
    "SELECT pg_size_pretty (pg_indexes_size('fakedata.testindex'));"
   ]
  },
  {
   "cell_type": "markdown",
   "id": "b97d6cfb",
   "metadata": {},
   "source": [
    "- Why do you think hash takes up more space here?\n",
    "- When do you think it's best to you hash indexing?"
   ]
  },
  {
   "cell_type": "markdown",
   "id": "f02ba7ec-5cfd-44d8-9461-707f5f300e25",
   "metadata": {},
   "source": [
    "### GIN\n",
    "\n",
    "Before talking about GIN indexes, let me give you a little bit of background on a full-text search. Full-text search is usually used if you have a column with sentences and you need to query rows based on the match for a particular string in that sentence. For example, say we want to get rows with `new` in the `sentence` column.\n",
    "\n",
    "| row number  | sentence|\n",
    "|-------------|------------------------------------------------|\n",
    "| 1           | this column has to do some thing with new year, also has to do something with row |\n",
    "| 2           | this column has to do some thing with colors   |\n",
    "| 3           | new year celebrated on 1st Jan                 |\n",
    "| 4           | new year celebration was very great this year  |\n",
    "| 5           | This is about cars released this year          |\n",
    "\n",
    "\n",
    "We usually query it this way, this definitely will return our result, but it takes time."
   ]
  },
  {
   "cell_type": "code",
   "execution_count": 17,
   "id": "ab0f837c-e022-4f9e-905f-a51906c60e7e",
   "metadata": {},
   "outputs": [
    {
     "name": "stdout",
     "output_type": "stream",
     "text": [
      " * postgresql://postgres:***@database-1.ccf3srhijxm7.us-east-1.rds.amazonaws.com:5432/postgres\n",
      "27510 rows affected.\n"
     ]
    },
    {
     "data": {
      "text/html": [
       "<table>\n",
       "    <tr>\n",
       "        <th>nameid</th>\n",
       "        <th>productid</th>\n",
       "        <th>productname</th>\n",
       "        <th>price</th>\n",
       "    </tr>\n",
       "    <tr>\n",
       "        <td>60</td>\n",
       "        <td>325578</td>\n",
       "        <td>replace news</td>\n",
       "        <td>$41.82</td>\n",
       "    </tr>\n",
       "    <tr>\n",
       "        <td>171</td>\n",
       "        <td>34359</td>\n",
       "        <td>newsstand bird</td>\n",
       "        <td>$26.18</td>\n",
       "    </tr>\n",
       "    <tr>\n",
       "        <td>183</td>\n",
       "        <td>24364</td>\n",
       "        <td>newsstand Charles</td>\n",
       "        <td>$76.91</td>\n",
       "    </tr>\n",
       "    <tr>\n",
       "        <td>201</td>\n",
       "        <td>142804</td>\n",
       "        <td>Venezuela news</td>\n",
       "        <td>$8.37</td>\n",
       "    </tr>\n",
       "    <tr>\n",
       "        <td>285</td>\n",
       "        <td>90194</td>\n",
       "        <td>news cub</td>\n",
       "        <td>$31.87</td>\n",
       "    </tr>\n",
       "    <tr>\n",
       "        <td>392</td>\n",
       "        <td>185778</td>\n",
       "        <td>ounce newsstand</td>\n",
       "        <td>$92.40</td>\n",
       "    </tr>\n",
       "    <tr>\n",
       "        <td>496</td>\n",
       "        <td>158475</td>\n",
       "        <td>newsprint softball</td>\n",
       "        <td>$81.24</td>\n",
       "    </tr>\n",
       "    <tr>\n",
       "        <td>582</td>\n",
       "        <td>83529</td>\n",
       "        <td>hub newsstand</td>\n",
       "        <td>$87.06</td>\n",
       "    </tr>\n",
       "    <tr>\n",
       "        <td>644</td>\n",
       "        <td>130920</td>\n",
       "        <td>news carbon</td>\n",
       "        <td>$44.99</td>\n",
       "    </tr>\n",
       "    <tr>\n",
       "        <td>691</td>\n",
       "        <td>158475</td>\n",
       "        <td>newsprint softball</td>\n",
       "        <td>$81.24</td>\n",
       "    </tr>\n",
       "    <tr>\n",
       "        <td>760</td>\n",
       "        <td>221233</td>\n",
       "        <td>news frog</td>\n",
       "        <td>$64.35</td>\n",
       "    </tr>\n",
       "    <tr>\n",
       "        <td>783</td>\n",
       "        <td>199957</td>\n",
       "        <td>cathedral newsstand</td>\n",
       "        <td>$23.38</td>\n",
       "    </tr>\n",
       "    <tr>\n",
       "        <td>798</td>\n",
       "        <td>92081</td>\n",
       "        <td>cod newsstand</td>\n",
       "        <td>$87.92</td>\n",
       "    </tr>\n",
       "    <tr>\n",
       "        <td>858</td>\n",
       "        <td>250217</td>\n",
       "        <td>result newsstand</td>\n",
       "        <td>$50.36</td>\n",
       "    </tr>\n",
       "    <tr>\n",
       "        <td>1002</td>\n",
       "        <td>204775</td>\n",
       "        <td>sing newsstand</td>\n",
       "        <td>$57.54</td>\n",
       "    </tr>\n",
       "    <tr>\n",
       "        <td>1025</td>\n",
       "        <td>83529</td>\n",
       "        <td>hub newsstand</td>\n",
       "        <td>$87.06</td>\n",
       "    </tr>\n",
       "    <tr>\n",
       "        <td>1262</td>\n",
       "        <td>166133</td>\n",
       "        <td>chauffeur newsprint</td>\n",
       "        <td>$77.66</td>\n",
       "    </tr>\n",
       "    <tr>\n",
       "        <td>1324</td>\n",
       "        <td>24364</td>\n",
       "        <td>newsstand Charles</td>\n",
       "        <td>$76.91</td>\n",
       "    </tr>\n",
       "    <tr>\n",
       "        <td>1410</td>\n",
       "        <td>51369</td>\n",
       "        <td>lynx newsstand</td>\n",
       "        <td>$0.85</td>\n",
       "    </tr>\n",
       "    <tr>\n",
       "        <td>1490</td>\n",
       "        <td>158475</td>\n",
       "        <td>newsprint softball</td>\n",
       "        <td>$81.24</td>\n",
       "    </tr>\n",
       "</table>\n",
       "<span style=\"font-style:italic;text-align:center;\">30 rows, truncated to displaylimit of 20</span>"
      ],
      "text/plain": [
       "[(60, 325578, 'replace news', '$41.82'),\n",
       " (171, 34359, 'newsstand bird', '$26.18'),\n",
       " (183, 24364, 'newsstand Charles', '$76.91'),\n",
       " (201, 142804, 'Venezuela news', '$8.37'),\n",
       " (285, 90194, 'news cub', '$31.87'),\n",
       " (392, 185778, 'ounce newsstand', '$92.40'),\n",
       " (496, 158475, 'newsprint softball', '$81.24'),\n",
       " (582, 83529, 'hub newsstand', '$87.06'),\n",
       " (644, 130920, 'news carbon', '$44.99'),\n",
       " (691, 158475, 'newsprint softball', '$81.24'),\n",
       " (760, 221233, 'news frog', '$64.35'),\n",
       " (783, 199957, 'cathedral newsstand', '$23.38'),\n",
       " (798, 92081, 'cod newsstand', '$87.92'),\n",
       " (858, 250217, 'result newsstand', '$50.36'),\n",
       " (1002, 204775, 'sing newsstand', '$57.54'),\n",
       " (1025, 83529, 'hub newsstand', '$87.06'),\n",
       " (1262, 166133, 'chauffeur newsprint', '$77.66'),\n",
       " (1324, 24364, 'newsstand Charles', '$76.91'),\n",
       " (1410, 51369, 'lynx newsstand', '$0.85'),\n",
       " (1490, 158475, 'newsprint softball', '$81.24'),\n",
       " (1490, 51369, 'lynx newsstand', '$0.85'),\n",
       " (1498, 163752, 'newsprint polish', '$7.82'),\n",
       " (1597, 92081, 'cod newsstand', '$87.92'),\n",
       " (1664, 199957, 'cathedral newsstand', '$23.38'),\n",
       " (1690, 184595, 'newsstand bell', '$34.61'),\n",
       " (1764, 130920, 'news carbon', '$44.99'),\n",
       " (1803, 24895, 'toilet newsprint', '$95.18'),\n",
       " (1811, 24364, 'newsstand Charles', '$76.91'),\n",
       " (1811, 133280, 'newsstand wedge', '$34.14'),\n",
       " (1836, 24895, 'toilet newsprint', '$95.18')]"
      ]
     },
     "execution_count": 17,
     "metadata": {},
     "output_type": "execute_result"
    }
   ],
   "source": [
    "%%sql\n",
    "\n",
    "SELECT * FROM fakedata.testindex \n",
    "WHERE productname LIKE '%new%';"
   ]
  },
  {
   "cell_type": "markdown",
   "id": "71ea6d96-aeb0-41d4-aea3-06815d14dd26",
   "metadata": {},
   "source": [
    "That's why we go for full-text search; I found [this](https://arctype.com/blog/postgres-full-text-search/) blog to help understand this.\n",
    "\n",
    "```\n",
    "SELECT * FROM fakedata.testindex \n",
    "WHERE to_tsvector('english', sentence) @@ to_tsquery('english','new');'\n",
    "```"
   ]
  },
  {
   "cell_type": "markdown",
   "id": "049a9231-7406-421a-b521-ff9845af6295",
   "metadata": {},
   "source": [
    "Here we are converting the type of column `sentence` to `tsvector`\n",
    "Here the first row in sentence column `this column has to do something with the new year, also has to do something with row` will be represented like this internally \n",
    "```\n",
    "'also':11 'column':2 'do':5,14 'has':3,12 'new':9 'row':17 'some':6 'something':15 'thing':7 'this':1 'to':4,13 'with':8,16 'year':10\n",
    "```\n",
    "`to_tsquery` is how you query, and here we query for `new` using `to_tsquery('english','new')`.\n",
    "\n",
    "Postgres does a pretty good job with the full-text search, but if we want to speed up the search, we go for GIN indexes. The column needs to be of `tsvector` type for a full-text search.\n",
    "\n",
    "- Indexing many values to the same row\n",
    "- Inverse of B-tree - one value to many rows\n",
    "e.g., “quick”, or “brown” or “the” all point to row 1\n",
    "- Most commonly used for `full-text searching.`\n",
    "\n",
    "<img src='img/gin.png' width=50%>\n",
    "\n",
    "Let's try these on our tables; Following is how much time it will take without indexing."
   ]
  },
  {
   "cell_type": "code",
   "execution_count": 18,
   "id": "e0bb2e73-4930-47f5-ae4b-b2bd43627b9b",
   "metadata": {},
   "outputs": [
    {
     "name": "stdout",
     "output_type": "stream",
     "text": [
      " * postgresql://postgres:***@database-1.ccf3srhijxm7.us-east-1.rds.amazonaws.com:5432/postgres\n",
      "10 rows affected.\n"
     ]
    },
    {
     "data": {
      "text/html": [
       "<table>\n",
       "    <tr>\n",
       "        <th>QUERY PLAN</th>\n",
       "    </tr>\n",
       "    <tr>\n",
       "        <td>Finalize Aggregate  (cost=1308216.11..1308216.12 rows=1 width=8) (actual time=26177.806..26181.109 rows=1 loops=1)</td>\n",
       "    </tr>\n",
       "    <tr>\n",
       "        <td>&nbsp;&nbsp;-&gt;  Gather  (cost=1308215.89..1308216.10 rows=2 width=8) (actual time=26175.780..26181.098 rows=3 loops=1)</td>\n",
       "    </tr>\n",
       "    <tr>\n",
       "        <td>&nbsp;&nbsp;&nbsp;&nbsp;&nbsp;&nbsp;&nbsp;&nbsp;Workers Planned: 2</td>\n",
       "    </tr>\n",
       "    <tr>\n",
       "        <td>&nbsp;&nbsp;&nbsp;&nbsp;&nbsp;&nbsp;&nbsp;&nbsp;Workers Launched: 2</td>\n",
       "    </tr>\n",
       "    <tr>\n",
       "        <td>&nbsp;&nbsp;&nbsp;&nbsp;&nbsp;&nbsp;&nbsp;&nbsp;-&gt;  Partial Aggregate  (cost=1307215.89..1307215.90 rows=1 width=8) (actual time=26170.671..26170.672 rows=1 loops=3)</td>\n",
       "    </tr>\n",
       "    <tr>\n",
       "        <td>&nbsp;&nbsp;&nbsp;&nbsp;&nbsp;&nbsp;&nbsp;&nbsp;&nbsp;&nbsp;&nbsp;&nbsp;&nbsp;&nbsp;-&gt;  Parallel Seq Scan on testindex  (cost=0.00..1307157.70 rows=23276 width=0) (actual time=13.197..26167.098 rows=3158 loops=3)</td>\n",
       "    </tr>\n",
       "    <tr>\n",
       "        <td>&nbsp;&nbsp;&nbsp;&nbsp;&nbsp;&nbsp;&nbsp;&nbsp;&nbsp;&nbsp;&nbsp;&nbsp;&nbsp;&nbsp;&nbsp;&nbsp;&nbsp;&nbsp;&nbsp;&nbsp;Filter: (to_tsvector(&#x27;english&#x27;::regconfig, productname) @@ &#x27;&#x27;&#x27;flavor&#x27;&#x27;&#x27;::tsquery)</td>\n",
       "    </tr>\n",
       "    <tr>\n",
       "        <td>&nbsp;&nbsp;&nbsp;&nbsp;&nbsp;&nbsp;&nbsp;&nbsp;&nbsp;&nbsp;&nbsp;&nbsp;&nbsp;&nbsp;&nbsp;&nbsp;&nbsp;&nbsp;&nbsp;&nbsp;Rows Removed by Filter: 3720952</td>\n",
       "    </tr>\n",
       "    <tr>\n",
       "        <td>Planning Time: 14.785 ms</td>\n",
       "    </tr>\n",
       "    <tr>\n",
       "        <td>Execution Time: 26181.164 ms</td>\n",
       "    </tr>\n",
       "</table>"
      ],
      "text/plain": [
       "[('Finalize Aggregate  (cost=1308216.11..1308216.12 rows=1 width=8) (actual time=26177.806..26181.109 rows=1 loops=1)',),\n",
       " ('  ->  Gather  (cost=1308215.89..1308216.10 rows=2 width=8) (actual time=26175.780..26181.098 rows=3 loops=1)',),\n",
       " ('        Workers Planned: 2',),\n",
       " ('        Workers Launched: 2',),\n",
       " ('        ->  Partial Aggregate  (cost=1307215.89..1307215.90 rows=1 width=8) (actual time=26170.671..26170.672 rows=1 loops=3)',),\n",
       " ('              ->  Parallel Seq Scan on testindex  (cost=0.00..1307157.70 rows=23276 width=0) (actual time=13.197..26167.098 rows=3158 loops=3)',),\n",
       " (\"                    Filter: (to_tsvector('english'::regconfig, productname) @@ '''flavor'''::tsquery)\",),\n",
       " ('                    Rows Removed by Filter: 3720952',),\n",
       " ('Planning Time: 14.785 ms',),\n",
       " ('Execution Time: 26181.164 ms',)]"
      ]
     },
     "execution_count": 18,
     "metadata": {},
     "output_type": "execute_result"
    }
   ],
   "source": [
    "%%sql\n",
    "\n",
    "EXPLAIN ANALYZE SELECT count(*) FROM fakedata.testindex WHERE to_tsvector('english', productname) @@ to_tsquery('english','flavor');"
   ]
  },
  {
   "cell_type": "markdown",
   "id": "acf651df",
   "metadata": {},
   "source": [
    "Let's see how much time it is going to take with indexing. Before that we want to create index for the column."
   ]
  },
  {
   "cell_type": "code",
   "execution_count": 19,
   "id": "fb6eac70-1e0c-4426-a598-63b58d02d8d5",
   "metadata": {},
   "outputs": [
    {
     "name": "stdout",
     "output_type": "stream",
     "text": [
      " * postgresql://postgres:***@database-1.ccf3srhijxm7.us-east-1.rds.amazonaws.com:5432/postgres\n",
      "Done.\n",
      "Done.\n",
      "Done.\n",
      "CPU times: user 13.5 ms, sys: 4.86 ms, total: 18.3 ms\n",
      "Wall time: 46.2 s\n"
     ]
    }
   ],
   "source": [
    "%%time\n",
    "%%sql\n",
    "\n",
    "DROP INDEX if exists fakedata.hash_testindex_index;\n",
    "DROP INDEX if exists fakedata.pgweb_idx;\n",
    "CREATE INDEX if not exists pgweb_idx ON fakedata.testindex USING GIN (to_tsvector('english', productname));"
   ]
  },
  {
   "cell_type": "markdown",
   "id": "31d57381",
   "metadata": {},
   "source": [
    "Here is how much time it is taking with indexing."
   ]
  },
  {
   "cell_type": "code",
   "execution_count": 20,
   "id": "7c9bd6ea-06cb-4b6a-9524-b2cd499e1607",
   "metadata": {},
   "outputs": [
    {
     "name": "stdout",
     "output_type": "stream",
     "text": [
      " * postgresql://postgres:***@database-1.ccf3srhijxm7.us-east-1.rds.amazonaws.com:5432/postgres\n",
      "12 rows affected.\n"
     ]
    },
    {
     "data": {
      "text/html": [
       "<table>\n",
       "    <tr>\n",
       "        <th>QUERY PLAN</th>\n",
       "    </tr>\n",
       "    <tr>\n",
       "        <td>Finalize Aggregate  (cost=87136.43..87136.44 rows=1 width=8) (actual time=21.842..22.372 rows=1 loops=1)</td>\n",
       "    </tr>\n",
       "    <tr>\n",
       "        <td>&nbsp;&nbsp;-&gt;  Gather  (cost=87136.21..87136.42 rows=2 width=8) (actual time=20.043..22.361 rows=3 loops=1)</td>\n",
       "    </tr>\n",
       "    <tr>\n",
       "        <td>&nbsp;&nbsp;&nbsp;&nbsp;&nbsp;&nbsp;&nbsp;&nbsp;Workers Planned: 2</td>\n",
       "    </tr>\n",
       "    <tr>\n",
       "        <td>&nbsp;&nbsp;&nbsp;&nbsp;&nbsp;&nbsp;&nbsp;&nbsp;Workers Launched: 2</td>\n",
       "    </tr>\n",
       "    <tr>\n",
       "        <td>&nbsp;&nbsp;&nbsp;&nbsp;&nbsp;&nbsp;&nbsp;&nbsp;-&gt;  Partial Aggregate  (cost=86136.21..86136.22 rows=1 width=8) (actual time=9.367..9.368 rows=1 loops=3)</td>\n",
       "    </tr>\n",
       "    <tr>\n",
       "        <td>&nbsp;&nbsp;&nbsp;&nbsp;&nbsp;&nbsp;&nbsp;&nbsp;&nbsp;&nbsp;&nbsp;&nbsp;&nbsp;&nbsp;-&gt;  Parallel Bitmap Heap Scan on testindex  (cost=384.34..86078.02 rows=23276 width=0) (actual time=3.997..9.100 rows=3158 loops=3)</td>\n",
       "    </tr>\n",
       "    <tr>\n",
       "        <td>&nbsp;&nbsp;&nbsp;&nbsp;&nbsp;&nbsp;&nbsp;&nbsp;&nbsp;&nbsp;&nbsp;&nbsp;&nbsp;&nbsp;&nbsp;&nbsp;&nbsp;&nbsp;&nbsp;&nbsp;Recheck Cond: (to_tsvector(&#x27;english&#x27;::regconfig, productname) @@ &#x27;&#x27;&#x27;flavor&#x27;&#x27;&#x27;::tsquery)</td>\n",
       "    </tr>\n",
       "    <tr>\n",
       "        <td>&nbsp;&nbsp;&nbsp;&nbsp;&nbsp;&nbsp;&nbsp;&nbsp;&nbsp;&nbsp;&nbsp;&nbsp;&nbsp;&nbsp;&nbsp;&nbsp;&nbsp;&nbsp;&nbsp;&nbsp;Heap Blocks: exact=341</td>\n",
       "    </tr>\n",
       "    <tr>\n",
       "        <td>&nbsp;&nbsp;&nbsp;&nbsp;&nbsp;&nbsp;&nbsp;&nbsp;&nbsp;&nbsp;&nbsp;&nbsp;&nbsp;&nbsp;&nbsp;&nbsp;&nbsp;&nbsp;&nbsp;&nbsp;-&gt;  Bitmap Index Scan on pgweb_idx  (cost=0.00..370.37 rows=55862 width=0) (actual time=6.646..6.647 rows=9474 loops=1)</td>\n",
       "    </tr>\n",
       "    <tr>\n",
       "        <td>&nbsp;&nbsp;&nbsp;&nbsp;&nbsp;&nbsp;&nbsp;&nbsp;&nbsp;&nbsp;&nbsp;&nbsp;&nbsp;&nbsp;&nbsp;&nbsp;&nbsp;&nbsp;&nbsp;&nbsp;&nbsp;&nbsp;&nbsp;&nbsp;&nbsp;&nbsp;Index Cond: (to_tsvector(&#x27;english&#x27;::regconfig, productname) @@ &#x27;&#x27;&#x27;flavor&#x27;&#x27;&#x27;::tsquery)</td>\n",
       "    </tr>\n",
       "    <tr>\n",
       "        <td>Planning Time: 0.754 ms</td>\n",
       "    </tr>\n",
       "    <tr>\n",
       "        <td>Execution Time: 22.423 ms</td>\n",
       "    </tr>\n",
       "</table>"
      ],
      "text/plain": [
       "[('Finalize Aggregate  (cost=87136.43..87136.44 rows=1 width=8) (actual time=21.842..22.372 rows=1 loops=1)',),\n",
       " ('  ->  Gather  (cost=87136.21..87136.42 rows=2 width=8) (actual time=20.043..22.361 rows=3 loops=1)',),\n",
       " ('        Workers Planned: 2',),\n",
       " ('        Workers Launched: 2',),\n",
       " ('        ->  Partial Aggregate  (cost=86136.21..86136.22 rows=1 width=8) (actual time=9.367..9.368 rows=1 loops=3)',),\n",
       " ('              ->  Parallel Bitmap Heap Scan on testindex  (cost=384.34..86078.02 rows=23276 width=0) (actual time=3.997..9.100 rows=3158 loops=3)',),\n",
       " (\"                    Recheck Cond: (to_tsvector('english'::regconfig, productname) @@ '''flavor'''::tsquery)\",),\n",
       " ('                    Heap Blocks: exact=341',),\n",
       " ('                    ->  Bitmap Index Scan on pgweb_idx  (cost=0.00..370.37 rows=55862 width=0) (actual time=6.646..6.647 rows=9474 loops=1)',),\n",
       " (\"                          Index Cond: (to_tsvector('english'::regconfig, productname) @@ '''flavor'''::tsquery)\",),\n",
       " ('Planning Time: 0.754 ms',),\n",
       " ('Execution Time: 22.423 ms',)]"
      ]
     },
     "execution_count": 20,
     "metadata": {},
     "output_type": "execute_result"
    }
   ],
   "source": [
    "%%sql\n",
    "\n",
    "EXPLAIN ANALYZE SELECT count(*) FROM fakedata.testindex WHERE to_tsvector('english', productname) @@ to_tsquery('english','flavor');"
   ]
  },
  {
   "cell_type": "markdown",
   "id": "3d76c08e",
   "metadata": {},
   "source": [
    "_Wooohoooo!!! A great improvement!!_ By creating a materialized view (We will see more about views in next class) with a computed `tsvector` column, we can make searches even faster, since it will not be necessary to redo the `to_tsvector` calls to verify index matches."
   ]
  },
  {
   "cell_type": "code",
   "execution_count": 21,
   "id": "368c9baa-a6bd-4106-82eb-0ee8cfb2a9c3",
   "metadata": {},
   "outputs": [
    {
     "name": "stdout",
     "output_type": "stream",
     "text": [
      " * postgresql://postgres:***@database-1.ccf3srhijxm7.us-east-1.rds.amazonaws.com:5432/postgres\n",
      "11172331 rows affected.\n",
      "Done.\n"
     ]
    },
    {
     "data": {
      "text/plain": [
       "[]"
      ]
     },
     "execution_count": 21,
     "metadata": {},
     "output_type": "execute_result"
    }
   ],
   "source": [
    "%%sql\n",
    "CREATE MATERIALIZED VIEW if not exists fakedata.testindex_materialized as select *,to_tsvector('english', productname) as productname_ts \n",
    "FROM fakedata.testindex;\n",
    "CREATE INDEX if not exists pgweb_idx_mat ON fakedata.testindex_materialized USING GIN (productname_ts);"
   ]
  },
  {
   "cell_type": "code",
   "execution_count": 22,
   "id": "3d80170e-7f32-4b1c-8dfd-86f9ddc7704d",
   "metadata": {},
   "outputs": [
    {
     "name": "stdout",
     "output_type": "stream",
     "text": [
      " * postgresql://postgres:***@database-1.ccf3srhijxm7.us-east-1.rds.amazonaws.com:5432/postgres\n",
      "8 rows affected.\n"
     ]
    },
    {
     "data": {
      "text/html": [
       "<table>\n",
       "    <tr>\n",
       "        <th>QUERY PLAN</th>\n",
       "    </tr>\n",
       "    <tr>\n",
       "        <td>Aggregate  (cost=106302.42..106302.43 rows=1 width=8) (actual time=71.255..71.257 rows=1 loops=1)</td>\n",
       "    </tr>\n",
       "    <tr>\n",
       "        <td>&nbsp;&nbsp;-&gt;  Bitmap Heap Scan on testindex_materialized  (cost=384.34..106162.76 rows=55862 width=0) (actual time=2.816..70.070 rows=9474 loops=1)</td>\n",
       "    </tr>\n",
       "    <tr>\n",
       "        <td>&nbsp;&nbsp;&nbsp;&nbsp;&nbsp;&nbsp;&nbsp;&nbsp;Recheck Cond: (productname_ts @@ &#x27;&#x27;&#x27;flavor&#x27;&#x27;&#x27;::tsquery)</td>\n",
       "    </tr>\n",
       "    <tr>\n",
       "        <td>&nbsp;&nbsp;&nbsp;&nbsp;&nbsp;&nbsp;&nbsp;&nbsp;Heap Blocks: exact=9148</td>\n",
       "    </tr>\n",
       "    <tr>\n",
       "        <td>&nbsp;&nbsp;&nbsp;&nbsp;&nbsp;&nbsp;&nbsp;&nbsp;-&gt;  Bitmap Index Scan on pgweb_idx_mat  (cost=0.00..370.37 rows=55862 width=0) (actual time=1.452..1.453 rows=9474 loops=1)</td>\n",
       "    </tr>\n",
       "    <tr>\n",
       "        <td>&nbsp;&nbsp;&nbsp;&nbsp;&nbsp;&nbsp;&nbsp;&nbsp;&nbsp;&nbsp;&nbsp;&nbsp;&nbsp;&nbsp;Index Cond: (productname_ts @@ &#x27;&#x27;&#x27;flavor&#x27;&#x27;&#x27;::tsquery)</td>\n",
       "    </tr>\n",
       "    <tr>\n",
       "        <td>Planning Time: 1.169 ms</td>\n",
       "    </tr>\n",
       "    <tr>\n",
       "        <td>Execution Time: 71.305 ms</td>\n",
       "    </tr>\n",
       "</table>"
      ],
      "text/plain": [
       "[('Aggregate  (cost=106302.42..106302.43 rows=1 width=8) (actual time=71.255..71.257 rows=1 loops=1)',),\n",
       " ('  ->  Bitmap Heap Scan on testindex_materialized  (cost=384.34..106162.76 rows=55862 width=0) (actual time=2.816..70.070 rows=9474 loops=1)',),\n",
       " (\"        Recheck Cond: (productname_ts @@ '''flavor'''::tsquery)\",),\n",
       " ('        Heap Blocks: exact=9148',),\n",
       " ('        ->  Bitmap Index Scan on pgweb_idx_mat  (cost=0.00..370.37 rows=55862 width=0) (actual time=1.452..1.453 rows=9474 loops=1)',),\n",
       " (\"              Index Cond: (productname_ts @@ '''flavor'''::tsquery)\",),\n",
       " ('Planning Time: 1.169 ms',),\n",
       " ('Execution Time: 71.305 ms',)]"
      ]
     },
     "execution_count": 22,
     "metadata": {},
     "output_type": "execute_result"
    }
   ],
   "source": [
    "%%sql\n",
    "\n",
    "EXPLAIN ANALYZE SELECT count(*) FROM fakedata.testindex_materialized WHERE productname_ts @@ to_tsquery('english','flavor');"
   ]
  },
  {
   "cell_type": "markdown",
   "id": "af076345",
   "metadata": {},
   "source": [
    "This indexing does speed up things if we want to search for a particular word from a column, like `flavor`. But if we want to search for some pattern within a sentence, then this index won't help. EG the query what we trying from beginning "
   ]
  },
  {
   "cell_type": "code",
   "execution_count": 23,
   "id": "596a92db-04ef-4bb1-9eb4-62c1540ad791",
   "metadata": {},
   "outputs": [
    {
     "name": "stdout",
     "output_type": "stream",
     "text": [
      " * postgresql://postgres:***@database-1.ccf3srhijxm7.us-east-1.rds.amazonaws.com:5432/postgres\n",
      "10 rows affected.\n"
     ]
    },
    {
     "data": {
      "text/html": [
       "<table>\n",
       "    <tr>\n",
       "        <th>QUERY PLAN</th>\n",
       "    </tr>\n",
       "    <tr>\n",
       "        <td>Finalize Aggregate  (cost=144374.60..144374.61 rows=1 width=8) (actual time=3312.767..3313.683 rows=1 loops=1)</td>\n",
       "    </tr>\n",
       "    <tr>\n",
       "        <td>&nbsp;&nbsp;-&gt;  Gather  (cost=144374.39..144374.60 rows=2 width=8) (actual time=3311.975..3313.674 rows=3 loops=1)</td>\n",
       "    </tr>\n",
       "    <tr>\n",
       "        <td>&nbsp;&nbsp;&nbsp;&nbsp;&nbsp;&nbsp;&nbsp;&nbsp;Workers Planned: 2</td>\n",
       "    </tr>\n",
       "    <tr>\n",
       "        <td>&nbsp;&nbsp;&nbsp;&nbsp;&nbsp;&nbsp;&nbsp;&nbsp;Workers Launched: 2</td>\n",
       "    </tr>\n",
       "    <tr>\n",
       "        <td>&nbsp;&nbsp;&nbsp;&nbsp;&nbsp;&nbsp;&nbsp;&nbsp;-&gt;  Partial Aggregate  (cost=143374.39..143374.40 rows=1 width=8) (actual time=3302.964..3302.965 rows=1 loops=3)</td>\n",
       "    </tr>\n",
       "    <tr>\n",
       "        <td>&nbsp;&nbsp;&nbsp;&nbsp;&nbsp;&nbsp;&nbsp;&nbsp;&nbsp;&nbsp;&nbsp;&nbsp;&nbsp;&nbsp;-&gt;  Parallel Seq Scan on testindex  (cost=0.00..143373.22 rows=465 width=0) (actual time=0.211..3296.475 rows=22257 loops=3)</td>\n",
       "    </tr>\n",
       "    <tr>\n",
       "        <td>&nbsp;&nbsp;&nbsp;&nbsp;&nbsp;&nbsp;&nbsp;&nbsp;&nbsp;&nbsp;&nbsp;&nbsp;&nbsp;&nbsp;&nbsp;&nbsp;&nbsp;&nbsp;&nbsp;&nbsp;Filter: (productname ~~ &#x27;%fla%&#x27;::text)</td>\n",
       "    </tr>\n",
       "    <tr>\n",
       "        <td>&nbsp;&nbsp;&nbsp;&nbsp;&nbsp;&nbsp;&nbsp;&nbsp;&nbsp;&nbsp;&nbsp;&nbsp;&nbsp;&nbsp;&nbsp;&nbsp;&nbsp;&nbsp;&nbsp;&nbsp;Rows Removed by Filter: 3701853</td>\n",
       "    </tr>\n",
       "    <tr>\n",
       "        <td>Planning Time: 0.120 ms</td>\n",
       "    </tr>\n",
       "    <tr>\n",
       "        <td>Execution Time: 3313.725 ms</td>\n",
       "    </tr>\n",
       "</table>"
      ],
      "text/plain": [
       "[('Finalize Aggregate  (cost=144374.60..144374.61 rows=1 width=8) (actual time=3312.767..3313.683 rows=1 loops=1)',),\n",
       " ('  ->  Gather  (cost=144374.39..144374.60 rows=2 width=8) (actual time=3311.975..3313.674 rows=3 loops=1)',),\n",
       " ('        Workers Planned: 2',),\n",
       " ('        Workers Launched: 2',),\n",
       " ('        ->  Partial Aggregate  (cost=143374.39..143374.40 rows=1 width=8) (actual time=3302.964..3302.965 rows=1 loops=3)',),\n",
       " ('              ->  Parallel Seq Scan on testindex  (cost=0.00..143373.22 rows=465 width=0) (actual time=0.211..3296.475 rows=22257 loops=3)',),\n",
       " (\"                    Filter: (productname ~~ '%fla%'::text)\",),\n",
       " ('                    Rows Removed by Filter: 3701853',),\n",
       " ('Planning Time: 0.120 ms',),\n",
       " ('Execution Time: 3313.725 ms',)]"
      ]
     },
     "execution_count": 23,
     "metadata": {},
     "output_type": "execute_result"
    }
   ],
   "source": [
    "%%sql\n",
    "\n",
    "EXPLAIN ANALYZE \n",
    "SELECT COUNT(*) FROM fakedata.testindex \n",
    "WHERE productname LIKE '%fla%';"
   ]
  },
  {
   "cell_type": "markdown",
   "id": "20909a67",
   "metadata": {},
   "source": [
    "Hence, we want a different flavor of gin indexing, trigram index. I found [this](https://scoutapm.com/blog/how-to-make-text-searches-in-postgresql-faster-with-trigram-similarity) blog to help understand this.\n",
    "\n",
    "#### Trigrams Details (OPTIONAL)\n",
    "`Trigrams` are a special case of [N-grams](https://web.stanford.edu/~jurafsky/slp3/4.pdf). The concept relies on dividing the sentence into a sequence of three consecutive letters, and this result is considered as a `set`. Before performing this process \n",
    "- Two blank spaces are added at the beginning. \n",
    "- One at the end. \n",
    "- Double ones replace single spaces. \n",
    "\n",
    "\n",
    "The trigram set corresponding to \"flavor halibut\" looks like this:\n",
    "\n",
    "{\"  f\",\"  h\",\" fl\",\" ha\",ali,avo,but,fla,hal,ibu,lav,lib,\"or \",\"ut \",vor}\n",
    "\n",
    "These are considered words, and the rest remains the same as what we discussed before. To use this index add `gin_trgm_ops` as `operator class`. Let's do it."
   ]
  },
  {
   "cell_type": "code",
   "execution_count": 24,
   "id": "e9771ede-2417-4c67-8ce6-570d9040fe3b",
   "metadata": {},
   "outputs": [
    {
     "name": "stdout",
     "output_type": "stream",
     "text": [
      " * postgresql://postgres:***@database-1.ccf3srhijxm7.us-east-1.rds.amazonaws.com:5432/postgres\n",
      "Done.\n"
     ]
    },
    {
     "data": {
      "text/plain": [
       "[]"
      ]
     },
     "execution_count": 24,
     "metadata": {},
     "output_type": "execute_result"
    }
   ],
   "source": [
    "%%sql\n",
    "CREATE EXTENSION pg_trgm;"
   ]
  },
  {
   "cell_type": "code",
   "execution_count": 25,
   "id": "e7e5a5cb",
   "metadata": {},
   "outputs": [
    {
     "name": "stdout",
     "output_type": "stream",
     "text": [
      " * postgresql://postgres:***@database-1.ccf3srhijxm7.us-east-1.rds.amazonaws.com:5432/postgres\n",
      "Done.\n",
      "Done.\n"
     ]
    },
    {
     "data": {
      "text/plain": [
       "[]"
      ]
     },
     "execution_count": 25,
     "metadata": {},
     "output_type": "execute_result"
    }
   ],
   "source": [
    "%%sql\n",
    "DROP INDEX if exists fakedata.pgweb_idx;\n",
    "CREATE INDEX pgweb_idx ON fakedata.testindex USING GIN (productname gin_trgm_ops);"
   ]
  },
  {
   "cell_type": "markdown",
   "id": "02f734ff",
   "metadata": {},
   "source": [
    "Let's see if it speeds up the query that we tried in many cases before."
   ]
  },
  {
   "cell_type": "code",
   "execution_count": 26,
   "id": "a0466696-4894-498d-92d7-2d296bb52c39",
   "metadata": {},
   "outputs": [
    {
     "name": "stdout",
     "output_type": "stream",
     "text": [
      " * postgresql://postgres:***@database-1.ccf3srhijxm7.us-east-1.rds.amazonaws.com:5432/postgres\n",
      "8 rows affected.\n"
     ]
    },
    {
     "data": {
      "text/html": [
       "<table>\n",
       "    <tr>\n",
       "        <th>QUERY PLAN</th>\n",
       "    </tr>\n",
       "    <tr>\n",
       "        <td>Aggregate  (cost=4149.06..4149.07 rows=1 width=8) (actual time=584.019..584.021 rows=1 loops=1)</td>\n",
       "    </tr>\n",
       "    <tr>\n",
       "        <td>&nbsp;&nbsp;-&gt;  Bitmap Heap Scan on testindex  (cost=72.43..4146.27 rows=1117 width=0) (actual time=17.973..577.445 rows=66772 loops=1)</td>\n",
       "    </tr>\n",
       "    <tr>\n",
       "        <td>&nbsp;&nbsp;&nbsp;&nbsp;&nbsp;&nbsp;&nbsp;&nbsp;Recheck Cond: (productname ~~ &#x27;%fla%&#x27;::text)</td>\n",
       "    </tr>\n",
       "    <tr>\n",
       "        <td>&nbsp;&nbsp;&nbsp;&nbsp;&nbsp;&nbsp;&nbsp;&nbsp;Heap Blocks: exact=46066</td>\n",
       "    </tr>\n",
       "    <tr>\n",
       "        <td>&nbsp;&nbsp;&nbsp;&nbsp;&nbsp;&nbsp;&nbsp;&nbsp;-&gt;  Bitmap Index Scan on pgweb_idx  (cost=0.00..72.15 rows=1117 width=0) (actual time=8.702..8.703 rows=66772 loops=1)</td>\n",
       "    </tr>\n",
       "    <tr>\n",
       "        <td>&nbsp;&nbsp;&nbsp;&nbsp;&nbsp;&nbsp;&nbsp;&nbsp;&nbsp;&nbsp;&nbsp;&nbsp;&nbsp;&nbsp;Index Cond: (productname ~~ &#x27;%fla%&#x27;::text)</td>\n",
       "    </tr>\n",
       "    <tr>\n",
       "        <td>Planning Time: 0.402 ms</td>\n",
       "    </tr>\n",
       "    <tr>\n",
       "        <td>Execution Time: 584.069 ms</td>\n",
       "    </tr>\n",
       "</table>"
      ],
      "text/plain": [
       "[('Aggregate  (cost=4149.06..4149.07 rows=1 width=8) (actual time=584.019..584.021 rows=1 loops=1)',),\n",
       " ('  ->  Bitmap Heap Scan on testindex  (cost=72.43..4146.27 rows=1117 width=0) (actual time=17.973..577.445 rows=66772 loops=1)',),\n",
       " (\"        Recheck Cond: (productname ~~ '%fla%'::text)\",),\n",
       " ('        Heap Blocks: exact=46066',),\n",
       " ('        ->  Bitmap Index Scan on pgweb_idx  (cost=0.00..72.15 rows=1117 width=0) (actual time=8.702..8.703 rows=66772 loops=1)',),\n",
       " (\"              Index Cond: (productname ~~ '%fla%'::text)\",),\n",
       " ('Planning Time: 0.402 ms',),\n",
       " ('Execution Time: 584.069 ms',)]"
      ]
     },
     "execution_count": 26,
     "metadata": {},
     "output_type": "execute_result"
    }
   ],
   "source": [
    "%%sql\n",
    "\n",
    "EXPLAIN ANALYZE \n",
    "SELECT COUNT(*) FROM fakedata.testindex \n",
    "WHERE productname LIKE '%fla%';"
   ]
  },
  {
   "cell_type": "code",
   "execution_count": 27,
   "id": "8cc8f6d4-666c-4c7a-8b71-1b96ab6fde72",
   "metadata": {},
   "outputs": [
    {
     "name": "stdout",
     "output_type": "stream",
     "text": [
      " * postgresql://postgres:***@database-1.ccf3srhijxm7.us-east-1.rds.amazonaws.com:5432/postgres\n",
      "8 rows affected.\n"
     ]
    },
    {
     "data": {
      "text/html": [
       "<table>\n",
       "    <tr>\n",
       "        <th>QUERY PLAN</th>\n",
       "    </tr>\n",
       "    <tr>\n",
       "        <td>Aggregate  (cost=4340.50..4340.51 rows=1 width=8) (actual time=44.886..44.888 rows=1 loops=1)</td>\n",
       "    </tr>\n",
       "    <tr>\n",
       "        <td>&nbsp;&nbsp;-&gt;  Bitmap Heap Scan on testindex  (cost=263.87..4337.70 rows=1117 width=0) (actual time=12.433..44.388 rows=9474 loops=1)</td>\n",
       "    </tr>\n",
       "    <tr>\n",
       "        <td>&nbsp;&nbsp;&nbsp;&nbsp;&nbsp;&nbsp;&nbsp;&nbsp;Recheck Cond: (productname ~~ &#x27;%flavor%&#x27;::text)</td>\n",
       "    </tr>\n",
       "    <tr>\n",
       "        <td>&nbsp;&nbsp;&nbsp;&nbsp;&nbsp;&nbsp;&nbsp;&nbsp;Heap Blocks: exact=8921</td>\n",
       "    </tr>\n",
       "    <tr>\n",
       "        <td>&nbsp;&nbsp;&nbsp;&nbsp;&nbsp;&nbsp;&nbsp;&nbsp;-&gt;  Bitmap Index Scan on pgweb_idx  (cost=0.00..263.59 rows=1117 width=0) (actual time=7.086..7.087 rows=9474 loops=1)</td>\n",
       "    </tr>\n",
       "    <tr>\n",
       "        <td>&nbsp;&nbsp;&nbsp;&nbsp;&nbsp;&nbsp;&nbsp;&nbsp;&nbsp;&nbsp;&nbsp;&nbsp;&nbsp;&nbsp;Index Cond: (productname ~~ &#x27;%flavor%&#x27;::text)</td>\n",
       "    </tr>\n",
       "    <tr>\n",
       "        <td>Planning Time: 0.104 ms</td>\n",
       "    </tr>\n",
       "    <tr>\n",
       "        <td>Execution Time: 44.926 ms</td>\n",
       "    </tr>\n",
       "</table>"
      ],
      "text/plain": [
       "[('Aggregate  (cost=4340.50..4340.51 rows=1 width=8) (actual time=44.886..44.888 rows=1 loops=1)',),\n",
       " ('  ->  Bitmap Heap Scan on testindex  (cost=263.87..4337.70 rows=1117 width=0) (actual time=12.433..44.388 rows=9474 loops=1)',),\n",
       " (\"        Recheck Cond: (productname ~~ '%flavor%'::text)\",),\n",
       " ('        Heap Blocks: exact=8921',),\n",
       " ('        ->  Bitmap Index Scan on pgweb_idx  (cost=0.00..263.59 rows=1117 width=0) (actual time=7.086..7.087 rows=9474 loops=1)',),\n",
       " (\"              Index Cond: (productname ~~ '%flavor%'::text)\",),\n",
       " ('Planning Time: 0.104 ms',),\n",
       " ('Execution Time: 44.926 ms',)]"
      ]
     },
     "execution_count": 27,
     "metadata": {},
     "output_type": "execute_result"
    }
   ],
   "source": [
    "%%sql\n",
    "\n",
    "EXPLAIN ANALYZE \n",
    "SELECT COUNT(*) FROM fakedata.testindex \n",
    "WHERE productname LIKE '%flavor%';"
   ]
  },
  {
   "cell_type": "markdown",
   "id": "4574f855",
   "metadata": {},
   "source": [
    "Finally, we see this query is using indexes, and it did speed up the query.\n",
    "\n",
    "### GIST \n",
    "\n",
    "- Supports many search types, including spatial and full text.\n",
    "- Can be extended to custom data types\n",
    "- Balanced tree-based method (nodes & leaves)\n",
    "\n",
    "<img src='img/gist.png' width=50%>\n",
    "\n",
    "### BRIN\n",
    "- Indexes block statistics for ordered data\n",
    "- Block min & max mapped to index\n",
    "- Search finds block first, then finds values\n",
    "- Best for larger volumes of data\n",
    "- This is essentially how we read a book’s index.\n",
    "\n",
    "<img src='img/brin.png' width=50%>\n",
    "\n",
    "Usage\n",
    "\n",
    "```\n",
    "CREATE INDEX index_name ON schema.table/view USING BRIN(columnname);\n",
    "```\n",
    "\n",
    "We will use this later when we go through our Twitter example (tomorrow's lecture).\n",
    "\n",
    "Now we have learned about indexes, can you answer these questions?\n",
    "- What are indexes?\n",
    "- Different types of indexes?\n",
    "- When to use indexes?\n",
    "- How to use an index?\n",
    "- Why do I need an index?\n",
    "\n",
    "## Compared to Other Services (optional)\n",
    "\n",
    "- BigQuery, AWS RedShift\n",
    "    - Don’t use Indexes, infrastructure searches whole “columns”\n",
    "  \n",
    "- MongoDB\n",
    "    - Single & multiparameter indexes (similar to b-tree)\n",
    "    - spatial (similar to GIST)\n",
    "    - text indexes (similar to GIN)\n",
    "    - hash index\n",
    "    \n",
    "- Neo4j (Graph Database)\n",
    "    - b-tree and full text\n",
    "\n",
    "## Summary\n",
    "- Indexes are important to speed up operations\n",
    "- Indexes are optimized to certain kinds of data\n",
    "- Index performance can be assessed using `EXPLAIN.`\n",
    "- Indexes can come at a cost and should be careful in selecting it.\n",
    "\n",
    "## Class activity\n",
    "\n",
    "```{note}\n",
    "Check worksheet 3 in canvas for detailed instructions on activity and submission instructions.\n",
    "```\n",
    "\n",
    "- Setting up index\n",
    "- Experience the performance with/without and with different types of indexes."
   ]
  },
  {
   "cell_type": "markdown",
   "id": "3a4abaf5",
   "metadata": {},
   "source": []
  },
  {
   "cell_type": "markdown",
   "id": "cca0c36a",
   "metadata": {},
   "source": []
  },
  {
   "cell_type": "markdown",
   "id": "681f34e0",
   "metadata": {},
   "source": []
  }
 ],
 "metadata": {
  "kernelspec": {
   "display_name": "bait580_2024",
   "language": "python",
   "name": "python3"
  },
  "language_info": {
   "codemirror_mode": {
    "name": "ipython",
    "version": 3
   },
   "file_extension": ".py",
   "mimetype": "text/x-python",
   "name": "python",
   "nbconvert_exporter": "python",
   "pygments_lexer": "ipython3",
   "version": "3.13.1"
  }
 },
 "nbformat": 4,
 "nbformat_minor": 5
}
